2023-03-02 08:54:29,906 [ERROR] from play.api.http.DevHttpErrorHandler in play-dev-mode-akka.actor.default-dispatcher-4 - 

! @80n3hfkk1 - Internal server error, for (GET) [/] ->
 
play.api.UnexpectedException: Unexpected exception[UncheckedExecutionException: java.lang.IllegalStateException: Unable to load cache item]
	at play.core.server.DevServerStart$$anon$1.reload(DevServerStart.scala:254)
	at play.core.server.DevServerStart$$anon$1.get(DevServerStart.scala:148)
	at play.core.server.AkkaHttpServer.handleRequest(AkkaHttpServer.scala:310)
	at play.core.server.AkkaHttpServer.$anonfun$createServerBinding$1(AkkaHttpServer.scala:227)
	at akka.stream.impl.fusing.MapAsync$$anon$30.onPush(Ops.scala:1309)
	at akka.stream.impl.fusing.GraphInterpreter.processPush(GraphInterpreter.scala:542)
	at akka.stream.impl.fusing.GraphInterpreter.processEvent(GraphInterpreter.scala:496)
	at akka.stream.impl.fusing.GraphInterpreter.execute(GraphInterpreter.scala:390)
	at akka.stream.impl.fusing.GraphInterpreterShell.runBatch(ActorGraphInterpreter.scala:650)
	at akka.stream.impl.fusing.GraphInterpreterShell$AsyncInput.execute(ActorGraphInterpreter.scala:521)
	at akka.stream.impl.fusing.GraphInterpreterShell.processEvent(ActorGraphInterpreter.scala:625)
	at akka.stream.impl.fusing.ActorGraphInterpreter.akka$stream$impl$fusing$ActorGraphInterpreter$$processEvent(ActorGraphInterpreter.scala:800)
	at akka.stream.impl.fusing.ActorGraphInterpreter$$anonfun$receive$1.applyOrElse(ActorGraphInterpreter.scala:818)
	at akka.actor.Actor.aroundReceive(Actor.scala:537)
	at akka.actor.Actor.aroundReceive$(Actor.scala:535)
	at akka.stream.impl.fusing.ActorGraphInterpreter.aroundReceive(ActorGraphInterpreter.scala:716)
	at akka.actor.ActorCell.receiveMessage(ActorCell.scala:579)
	at akka.actor.ActorCell.invoke(ActorCell.scala:547)
	at akka.dispatch.Mailbox.processMailbox(Mailbox.scala:270)
	at akka.dispatch.Mailbox.run(Mailbox.scala:231)
	at akka.dispatch.Mailbox.exec(Mailbox.scala:243)
	at java.base/java.util.concurrent.ForkJoinTask.doExec(ForkJoinTask.java:387)
	at java.base/java.util.concurrent.ForkJoinPool$WorkQueue.topLevelExec(ForkJoinPool.java:1311)
	at java.base/java.util.concurrent.ForkJoinPool.scan(ForkJoinPool.java:1841)
	at java.base/java.util.concurrent.ForkJoinPool.runWorker(ForkJoinPool.java:1806)
	at java.base/java.util.concurrent.ForkJoinWorkerThread.run(ForkJoinWorkerThread.java:177)
Caused by: com.google.common.util.concurrent.UncheckedExecutionException: java.lang.IllegalStateException: Unable to load cache item
	at com.google.common.cache.LocalCache$Segment.get(LocalCache.java:2051)
	at com.google.common.cache.LocalCache.get(LocalCache.java:3962)
	at com.google.common.cache.LocalCache.getOrLoad(LocalCache.java:3985)
	at com.google.common.cache.LocalCache$LocalLoadingCache.get(LocalCache.java:4946)
	at com.google.common.cache.LocalCache$LocalLoadingCache.getUnchecked(LocalCache.java:4952)
	at com.google.inject.internal.FailableCache.get(FailableCache.java:54)
	at com.google.inject.internal.ConstructorInjectorStore.get(ConstructorInjectorStore.java:49)
	at com.google.inject.internal.ConstructorBindingImpl.initialize(ConstructorBindingImpl.java:155)
	at com.google.inject.internal.InjectorImpl.initializeBinding(InjectorImpl.java:592)
	at com.google.inject.internal.AbstractBindingProcessor$Processor.initializeBinding(AbstractBindingProcessor.java:173)
	at com.google.inject.internal.AbstractBindingProcessor$Processor.lambda$scheduleInitialization$0(AbstractBindingProcessor.java:160)
	at com.google.inject.internal.ProcessedBindingData.initializeBindings(ProcessedBindingData.java:49)
	at com.google.inject.internal.InternalInjectorCreator.initializeStatically(InternalInjectorCreator.java:124)
	at com.google.inject.internal.InternalInjectorCreator.build(InternalInjectorCreator.java:108)
	at com.google.inject.Guice.createInjector(Guice.java:87)
	at com.google.inject.Guice.createInjector(Guice.java:78)
	at play.api.inject.guice.GuiceBuilder.injector(GuiceInjectorBuilder.scala:201)
	at play.api.inject.guice.GuiceApplicationBuilder.build(GuiceApplicationBuilder.scala:155)
	at play.api.inject.guice.GuiceApplicationLoader.load(GuiceApplicationLoader.scala:21)
	at play.core.server.DevServerStart$$anon$1.$anonfun$reload$2(DevServerStart.scala:193)
	at play.utils.Threads$.withContextClassLoader(Threads.scala:22)
	at play.core.server.DevServerStart$$anon$1.reload(DevServerStart.scala:185)
	... 25 common frames omitted
Caused by: java.lang.IllegalStateException: Unable to load cache item
	at com.google.inject.internal.cglib.core.internal.$LoadingCache.createEntry(LoadingCache.java:79)
	at com.google.inject.internal.cglib.core.internal.$LoadingCache.get(LoadingCache.java:34)
	at com.google.inject.internal.cglib.core.$AbstractClassGenerator$ClassLoaderData.get(AbstractClassGenerator.java:119)
	at com.google.inject.internal.cglib.core.$AbstractClassGenerator.create(AbstractClassGenerator.java:294)
	at com.google.inject.internal.cglib.reflect.$FastClass$Generator.create(FastClass.java:65)
	at com.google.inject.internal.BytecodeGen.newFastClassForMember(BytecodeGen.java:258)
	at com.google.inject.internal.BytecodeGen.newFastClassForMember(BytecodeGen.java:207)
	at com.google.inject.internal.DefaultConstructionProxyFactory.create(DefaultConstructionProxyFactory.java:49)
	at com.google.inject.internal.ProxyFactory.create(ProxyFactory.java:156)
	at com.google.inject.internal.ConstructorInjectorStore.createConstructor(ConstructorInjectorStore.java:94)
	at com.google.inject.internal.ConstructorInjectorStore.access$000(ConstructorInjectorStore.java:30)
	at com.google.inject.internal.ConstructorInjectorStore$1.create(ConstructorInjectorStore.java:38)
	at com.google.inject.internal.ConstructorInjectorStore$1.create(ConstructorInjectorStore.java:34)
	at com.google.inject.internal.FailableCache$1.load(FailableCache.java:43)
	at com.google.common.cache.LocalCache$LoadingValueReference.loadFuture(LocalCache.java:3529)
	at com.google.common.cache.LocalCache$Segment.loadSync(LocalCache.java:2278)
	at com.google.common.cache.LocalCache$Segment.lockedGetOrLoad(LocalCache.java:2155)
	at com.google.common.cache.LocalCache$Segment.get(LocalCache.java:2045)
	... 46 common frames omitted
Caused by: java.lang.ExceptionInInitializerError: null
	at com.google.inject.internal.cglib.core.$DuplicatesPredicate.evaluate(DuplicatesPredicate.java:104)
	at com.google.inject.internal.cglib.core.$CollectionUtils.filter(CollectionUtils.java:52)
	at com.google.inject.internal.cglib.reflect.$FastClassEmitter.<init>(FastClassEmitter.java:69)
	at com.google.inject.internal.cglib.reflect.$FastClass$Generator.generateClass(FastClass.java:77)
	at com.google.inject.internal.cglib.core.$DefaultGeneratorStrategy.generate(DefaultGeneratorStrategy.java:25)
	at com.google.inject.internal.cglib.core.$AbstractClassGenerator.generate(AbstractClassGenerator.java:332)
	at com.google.inject.internal.cglib.core.$AbstractClassGenerator$ClassLoaderData$3.apply(AbstractClassGenerator.java:96)
	at com.google.inject.internal.cglib.core.$AbstractClassGenerator$ClassLoaderData$3.apply(AbstractClassGenerator.java:94)
	at com.google.inject.internal.cglib.core.internal.$LoadingCache$2.call(LoadingCache.java:54)
	at java.base/java.util.concurrent.FutureTask.run(FutureTask.java:317)
	at com.google.inject.internal.cglib.core.internal.$LoadingCache.createEntry(LoadingCache.java:61)
	... 63 common frames omitted
Caused by: com.google.inject.internal.cglib.core.$CodeGenerationException: java.lang.reflect.InaccessibleObjectException-->Unable to make protected final java.lang.Class java.lang.ClassLoader.defineClass(java.lang.String,byte[],int,int,java.security.ProtectionDomain) throws java.lang.ClassFormatError accessible: module java.base does not "opens java.lang" to unnamed module @329ed7
	at com.google.inject.internal.cglib.core.$ReflectUtils.defineClass(ReflectUtils.java:464)
	at com.google.inject.internal.cglib.core.$AbstractClassGenerator.generate(AbstractClassGenerator.java:339)
	at com.google.inject.internal.cglib.core.$AbstractClassGenerator$ClassLoaderData$3.apply(AbstractClassGenerator.java:96)
	at com.google.inject.internal.cglib.core.$AbstractClassGenerator$ClassLoaderData$3.apply(AbstractClassGenerator.java:94)
	at com.google.inject.internal.cglib.core.internal.$LoadingCache$2.call(LoadingCache.java:54)
	at java.base/java.util.concurrent.FutureTask.run(FutureTask.java:317)
	at com.google.inject.internal.cglib.core.internal.$LoadingCache.createEntry(LoadingCache.java:61)
	at com.google.inject.internal.cglib.core.internal.$LoadingCache.get(LoadingCache.java:34)
	at com.google.inject.internal.cglib.core.$AbstractClassGenerator$ClassLoaderData.get(AbstractClassGenerator.java:119)
	at com.google.inject.internal.cglib.core.$AbstractClassGenerator.create(AbstractClassGenerator.java:294)
	at com.google.inject.internal.cglib.core.$KeyFactory$Generator.create(KeyFactory.java:221)
	at com.google.inject.internal.cglib.core.$KeyFactory.create(KeyFactory.java:174)
	at com.google.inject.internal.cglib.core.$KeyFactory.create(KeyFactory.java:157)
	at com.google.inject.internal.cglib.core.$KeyFactory.create(KeyFactory.java:149)
	at com.google.inject.internal.cglib.core.$KeyFactory.create(KeyFactory.java:145)
	at com.google.inject.internal.cglib.core.$MethodWrapper.<clinit>(MethodWrapper.java:23)
	... 74 common frames omitted
Caused by: java.lang.reflect.InaccessibleObjectException: Unable to make protected final java.lang.Class java.lang.ClassLoader.defineClass(java.lang.String,byte[],int,int,java.security.ProtectionDomain) throws java.lang.ClassFormatError accessible: module java.base does not "opens java.lang" to unnamed module @329ed7
	at java.base/java.lang.reflect.AccessibleObject.throwInaccessibleObjectException(AccessibleObject.java:387)
	at java.base/java.lang.reflect.AccessibleObject.checkCanSetAccessible(AccessibleObject.java:363)
	at java.base/java.lang.reflect.AccessibleObject.checkCanSetAccessible(AccessibleObject.java:311)
	at java.base/java.lang.reflect.Method.checkCanSetAccessible(Method.java:201)
	at java.base/java.lang.reflect.Method.setAccessible(Method.java:195)
	at com.google.inject.internal.cglib.core.$ReflectUtils$1.run(ReflectUtils.java:61)
	at java.base/java.security.AccessController.doPrivileged(AccessController.java:569)
	at com.google.inject.internal.cglib.core.$ReflectUtils.<clinit>(ReflectUtils.java:52)
	at com.google.inject.internal.cglib.reflect.$FastClassEmitter.<init>(FastClassEmitter.java:67)
	... 71 common frames omitted
2023-03-02 09:04:38,423 [ERROR] from play.api.http.DevHttpErrorHandler in play-dev-mode-akka.actor.default-dispatcher-12 - 

! @80n3iob01 - Internal server error, for (GET) [/] ->
 
play.api.UnexpectedException: Unexpected exception[UncheckedExecutionException: java.lang.IllegalStateException: Unable to load cache item]
	at play.core.server.DevServerStart$$anon$1.reload(DevServerStart.scala:254)
	at play.core.server.DevServerStart$$anon$1.get(DevServerStart.scala:148)
	at play.core.server.AkkaHttpServer.handleRequest(AkkaHttpServer.scala:310)
	at play.core.server.AkkaHttpServer.$anonfun$createServerBinding$1(AkkaHttpServer.scala:227)
	at akka.stream.impl.fusing.MapAsync$$anon$30.onPush(Ops.scala:1309)
	at akka.stream.impl.fusing.GraphInterpreter.processPush(GraphInterpreter.scala:542)
	at akka.stream.impl.fusing.GraphInterpreter.processEvent(GraphInterpreter.scala:496)
	at akka.stream.impl.fusing.GraphInterpreter.execute(GraphInterpreter.scala:390)
	at akka.stream.impl.fusing.GraphInterpreterShell.runBatch(ActorGraphInterpreter.scala:650)
	at akka.stream.impl.fusing.GraphInterpreterShell$AsyncInput.execute(ActorGraphInterpreter.scala:521)
	at akka.stream.impl.fusing.GraphInterpreterShell.processEvent(ActorGraphInterpreter.scala:625)
	at akka.stream.impl.fusing.ActorGraphInterpreter.akka$stream$impl$fusing$ActorGraphInterpreter$$processEvent(ActorGraphInterpreter.scala:800)
	at akka.stream.impl.fusing.ActorGraphInterpreter$$anonfun$receive$1.applyOrElse(ActorGraphInterpreter.scala:818)
	at akka.actor.Actor.aroundReceive(Actor.scala:537)
	at akka.actor.Actor.aroundReceive$(Actor.scala:535)
	at akka.stream.impl.fusing.ActorGraphInterpreter.aroundReceive(ActorGraphInterpreter.scala:716)
	at akka.actor.ActorCell.receiveMessage(ActorCell.scala:579)
	at akka.actor.ActorCell.invoke(ActorCell.scala:547)
	at akka.dispatch.Mailbox.processMailbox(Mailbox.scala:270)
	at akka.dispatch.Mailbox.run(Mailbox.scala:231)
	at akka.dispatch.Mailbox.exec(Mailbox.scala:243)
	at java.base/java.util.concurrent.ForkJoinTask.doExec(ForkJoinTask.java:387)
	at java.base/java.util.concurrent.ForkJoinPool$WorkQueue.topLevelExec(ForkJoinPool.java:1311)
	at java.base/java.util.concurrent.ForkJoinPool.scan(ForkJoinPool.java:1841)
	at java.base/java.util.concurrent.ForkJoinPool.runWorker(ForkJoinPool.java:1806)
	at java.base/java.util.concurrent.ForkJoinWorkerThread.run(ForkJoinWorkerThread.java:177)
Caused by: com.google.common.util.concurrent.UncheckedExecutionException: java.lang.IllegalStateException: Unable to load cache item
	at com.google.common.cache.LocalCache$Segment.get(LocalCache.java:2051)
	at com.google.common.cache.LocalCache.get(LocalCache.java:3962)
	at com.google.common.cache.LocalCache.getOrLoad(LocalCache.java:3985)
	at com.google.common.cache.LocalCache$LocalLoadingCache.get(LocalCache.java:4946)
	at com.google.common.cache.LocalCache$LocalLoadingCache.getUnchecked(LocalCache.java:4952)
	at com.google.inject.internal.FailableCache.get(FailableCache.java:54)
	at com.google.inject.internal.ConstructorInjectorStore.get(ConstructorInjectorStore.java:49)
	at com.google.inject.internal.ConstructorBindingImpl.initialize(ConstructorBindingImpl.java:155)
	at com.google.inject.internal.InjectorImpl.initializeBinding(InjectorImpl.java:592)
	at com.google.inject.internal.AbstractBindingProcessor$Processor.initializeBinding(AbstractBindingProcessor.java:173)
	at com.google.inject.internal.AbstractBindingProcessor$Processor.lambda$scheduleInitialization$0(AbstractBindingProcessor.java:160)
	at com.google.inject.internal.ProcessedBindingData.initializeBindings(ProcessedBindingData.java:49)
	at com.google.inject.internal.InternalInjectorCreator.initializeStatically(InternalInjectorCreator.java:124)
	at com.google.inject.internal.InternalInjectorCreator.build(InternalInjectorCreator.java:108)
	at com.google.inject.Guice.createInjector(Guice.java:87)
	at com.google.inject.Guice.createInjector(Guice.java:78)
	at play.api.inject.guice.GuiceBuilder.injector(GuiceInjectorBuilder.scala:201)
	at play.api.inject.guice.GuiceApplicationBuilder.build(GuiceApplicationBuilder.scala:155)
	at play.api.inject.guice.GuiceApplicationLoader.load(GuiceApplicationLoader.scala:21)
	at play.core.server.DevServerStart$$anon$1.$anonfun$reload$2(DevServerStart.scala:193)
	at play.utils.Threads$.withContextClassLoader(Threads.scala:22)
	at play.core.server.DevServerStart$$anon$1.reload(DevServerStart.scala:185)
	... 25 common frames omitted
Caused by: java.lang.IllegalStateException: Unable to load cache item
	at com.google.inject.internal.cglib.core.internal.$LoadingCache.createEntry(LoadingCache.java:79)
	at com.google.inject.internal.cglib.core.internal.$LoadingCache.get(LoadingCache.java:34)
	at com.google.inject.internal.cglib.core.$AbstractClassGenerator$ClassLoaderData.get(AbstractClassGenerator.java:119)
	at com.google.inject.internal.cglib.core.$AbstractClassGenerator.create(AbstractClassGenerator.java:294)
	at com.google.inject.internal.cglib.reflect.$FastClass$Generator.create(FastClass.java:65)
	at com.google.inject.internal.BytecodeGen.newFastClassForMember(BytecodeGen.java:258)
	at com.google.inject.internal.BytecodeGen.newFastClassForMember(BytecodeGen.java:207)
	at com.google.inject.internal.DefaultConstructionProxyFactory.create(DefaultConstructionProxyFactory.java:49)
	at com.google.inject.internal.ProxyFactory.create(ProxyFactory.java:156)
	at com.google.inject.internal.ConstructorInjectorStore.createConstructor(ConstructorInjectorStore.java:94)
	at com.google.inject.internal.ConstructorInjectorStore.access$000(ConstructorInjectorStore.java:30)
	at com.google.inject.internal.ConstructorInjectorStore$1.create(ConstructorInjectorStore.java:38)
	at com.google.inject.internal.ConstructorInjectorStore$1.create(ConstructorInjectorStore.java:34)
	at com.google.inject.internal.FailableCache$1.load(FailableCache.java:43)
	at com.google.common.cache.LocalCache$LoadingValueReference.loadFuture(LocalCache.java:3529)
	at com.google.common.cache.LocalCache$Segment.loadSync(LocalCache.java:2278)
	at com.google.common.cache.LocalCache$Segment.lockedGetOrLoad(LocalCache.java:2155)
	at com.google.common.cache.LocalCache$Segment.get(LocalCache.java:2045)
	... 46 common frames omitted
Caused by: java.lang.NoClassDefFoundError: Could not initialize class com.google.inject.internal.cglib.core.$MethodWrapper
	at com.google.inject.internal.cglib.core.$DuplicatesPredicate.evaluate(DuplicatesPredicate.java:104)
	at com.google.inject.internal.cglib.core.$CollectionUtils.filter(CollectionUtils.java:52)
	at com.google.inject.internal.cglib.reflect.$FastClassEmitter.<init>(FastClassEmitter.java:69)
	at com.google.inject.internal.cglib.reflect.$FastClass$Generator.generateClass(FastClass.java:77)
	at com.google.inject.internal.cglib.core.$DefaultGeneratorStrategy.generate(DefaultGeneratorStrategy.java:25)
	at com.google.inject.internal.cglib.core.$AbstractClassGenerator.generate(AbstractClassGenerator.java:332)
	at com.google.inject.internal.cglib.core.$AbstractClassGenerator$ClassLoaderData$3.apply(AbstractClassGenerator.java:96)
	at com.google.inject.internal.cglib.core.$AbstractClassGenerator$ClassLoaderData$3.apply(AbstractClassGenerator.java:94)
	at com.google.inject.internal.cglib.core.internal.$LoadingCache$2.call(LoadingCache.java:54)
	at java.base/java.util.concurrent.FutureTask.run(FutureTask.java:317)
	at com.google.inject.internal.cglib.core.internal.$LoadingCache.createEntry(LoadingCache.java:61)
	... 63 common frames omitted
Caused by: java.lang.ExceptionInInitializerError: Exception com.google.inject.internal.cglib.core.$CodeGenerationException: java.lang.reflect.InaccessibleObjectException-->Unable to make protected final java.lang.Class java.lang.ClassLoader.defineClass(java.lang.String,byte[],int,int,java.security.ProtectionDomain) throws java.lang.ClassFormatError accessible: module java.base does not "opens java.lang" to unnamed module @329ed7 [in thread "play-dev-mode-akka.actor.default-dispatcher-4"]
	at com.google.inject.internal.cglib.core.$ReflectUtils.defineClass(ReflectUtils.java:464)
	at com.google.inject.internal.cglib.core.$AbstractClassGenerator.generate(AbstractClassGenerator.java:339)
	at com.google.inject.internal.cglib.core.$AbstractClassGenerator$ClassLoaderData$3.apply(AbstractClassGenerator.java:96)
	at com.google.inject.internal.cglib.core.$AbstractClassGenerator$ClassLoaderData$3.apply(AbstractClassGenerator.java:94)
	at com.google.inject.internal.cglib.core.internal.$LoadingCache$2.call(LoadingCache.java:54)
	at java.base/java.util.concurrent.FutureTask.run(FutureTask.java:317)
	at com.google.inject.internal.cglib.core.internal.$LoadingCache.createEntry(LoadingCache.java:61)
	at com.google.inject.internal.cglib.core.internal.$LoadingCache.get(LoadingCache.java:34)
	at com.google.inject.internal.cglib.core.$AbstractClassGenerator$ClassLoaderData.get(AbstractClassGenerator.java:119)
	at com.google.inject.internal.cglib.core.$AbstractClassGenerator.create(AbstractClassGenerator.java:294)
	at com.google.inject.internal.cglib.core.$KeyFactory$Generator.create(KeyFactory.java:221)
	at com.google.inject.internal.cglib.core.$KeyFactory.create(KeyFactory.java:174)
	at com.google.inject.internal.cglib.core.$KeyFactory.create(KeyFactory.java:157)
	at com.google.inject.internal.cglib.core.$KeyFactory.create(KeyFactory.java:149)
	at com.google.inject.internal.cglib.core.$KeyFactory.create(KeyFactory.java:145)
	at com.google.inject.internal.cglib.core.$MethodWrapper.<clinit>(MethodWrapper.java:23)
	... 74 common frames omitted
2023-03-02 09:09:38,557 [INFO] from play.api.internal.libs.concurrent.CoordinatedShutdownSupport in pool-7-thread-4 - Starting synchronous coordinated shutdown with ServerStoppedReason reason and 35000 milliseconds timeout
2023-03-02 09:09:38,558 [INFO] from play.core.server.AkkaHttpServer in pool-7-thread-4 - Stopping Akka HTTP server...
2023-03-02 09:09:38,561 [INFO] from play.core.server.AkkaHttpServer in play-dev-mode-akka.actor.internal-dispatcher-16 - Terminating server binding for /[0:0:0:0:0:0:0:0]:9000
2023-03-02 09:09:38,565 [INFO] from play.core.server.AkkaHttpServer in play-dev-mode-akka.actor.internal-dispatcher-17 - Running provided shutdown stop hooks
